[35m[Appium][39m Welcome to Appium v1.12.1
[35m[Appium][39m Non-default server args:
[35m[Appium][39m   port: 65077
[35m[Appium][39m   loglevel: info
[35m[Appium][39m   chromeDriverPort: 65078
[35m[Appium][39m   tmpDir: C:\Users\BaPpY\AppData\Local\Temp\\Katalon\Appium\Temp1570030556538
[35m[Appium][39m Appium REST http interface listener started on 0.0.0.0:65077
[35m[HTTP][39m [37m-->[39m [37mGET[39m [37m/wd/hub/status[39m
[35m[HTTP][39m [90m{}[39m
[35m[HTTP][39m [37m<-- GET /wd/hub/status [39m[32m200[39m [90m19 ms - 68[39m
[35m[HTTP][39m [90m[39m
[35m[HTTP][39m [37m-->[39m [37mGET[39m [37m/wd/hub/status[39m
[35m[HTTP][39m [90m{}[39m
[35m[HTTP][39m [37m<-- GET /wd/hub/status [39m[32m200[39m [90m1 ms - 68[39m
[35m[HTTP][39m [90m[39m
[35m[HTTP][39m [37m-->[39m [37mPOST[39m [37m/wd/hub/session[39m
[35m[HTTP][39m [90m{"desiredCapabilities":{"app":"G:\\coding necessary items\\Some APK\\MaterialLoginExample.apk","noReset":true,"deviceName":"emulator-5554 (Android SDK built for x86 - Android 7.1.1)","fullReset":false,"platform":"ANDROID","newCommandTimeout":1800,"platformVersion":"7.1.1","automationName":"uiautomator2","autoGrantPermissions":true,"platformName":"Android","udid":"emulator-5554","systemPort":65087},"capabilities":{"firstMatch":[{"appium:app":"G:\\coding necessary items\\Some APK\\MaterialLoginExample.apk","appium:autoGrantPermissions":true,"appium:automationName":"uiautomator2","appium:deviceName":"emulator-5554 (Android SDK built for x86 - Android 7.1.1)","appium:fullReset":false,"appium:newCommandTimeout":1800,"appium:noReset":true,"platform":"ANDROID","platformName":"android","appium:platformVersion":"7.1.1","appium:systemPort":65087,"appium:udid":"emulator-5554"}]}}[39m
[35m[BaseDriver][39m The capabilities ["platform"] are not standard capabilities and should have an extension prefix
[35m[Appium][39m Appium v1.12.1 creating new AndroidUiautomator2Driver (v1.33.0) session
[35m[Appium][39m Capabilities:
[35m[Appium][39m   platform: ANDROID
[35m[Appium][39m   platformName: android
[35m[Appium][39m   app: G:\coding necessary items\Some APK\MaterialLoginExample.apk
[35m[Appium][39m   autoGrantPermissions: true
[35m[Appium][39m   automationName: uiautomator2
[35m[Appium][39m   deviceName: emulator-5554 (Android SDK built for x86 - Android 7.1.1)
[35m[Appium][39m   fullReset: false
[35m[Appium][39m   newCommandTimeout: 1800
[35m[Appium][39m   noReset: true
[35m[Appium][39m   platformVersion: 7.1.1
[35m[Appium][39m   systemPort: 65087
[35m[Appium][39m   udid: emulator-5554
[35m[BaseDriver][39m The following capabilities were provided, but are not recognized by appium: platform.
[35m[BaseDriver][39m Session created with session id: 7b13ed56-4a46-4a22-8b05-5095e678c31c
[35m[BaseDriver][39m Using local app 'G:\coding necessary items\Some APK\MaterialLoginExample.apk'
[35m[ADB][39m Checking whether adb is present
[35m[ADB][39m Found 1 'build-tools' folders under 'C:\Users\BaPpY\.katalon\tools\android_sdk' (newest first):
[35m[ADB][39m     C:/Users/BaPpY/.katalon/tools/android_sdk/build-tools/29.0.2
[35m[ADB][39m Using adb.exe from C:\Users\BaPpY\.katalon\tools\android_sdk\platform-tools\adb.exe
[35m[AndroidDriver][39m Retrieving device list
[35m[AndroidDriver][39m Using device: emulator-5554
[35m[ADB][39m Using the alternative activity name detection method because of: Could not find apkanalyzer.bat in C:\Users\BaPpY\.katalon\tools\android_sdk\platform-tools\apkanalyzer.bat,C:\Users\BaPpY\.katalon\tools\android_sdk\emulator\apkanalyzer.bat,C:\Users\BaPpY\.katalon\tools\android_sdk\tools\apkanalyzer.bat,C:\Users\BaPpY\.katalon\tools\android_sdk\tools\bin\apkanalyzer.bat,C:\Users\BaPpY\.katalon\tools\android_sdk\build-tools\29.0.2\apkanalyzer.bat. Do you have the Android SDK installed at 'C:\Users\BaPpY\.katalon\tools\android_sdk'?
[35m[ADB][39m Checking whether aapt is present
[35m[ADB][39m Using aapt.exe from C:\Users\BaPpY\.katalon\tools\android_sdk\build-tools\29.0.2\aapt.exe
[35m[ADB][39m Extracting package and launch activity from manifest
[35m[ADB][39m Package name: 'com.sourcey.materialloginexample'
[35m[ADB][39m Main activity name: 'com.sourcey.materiallogindemo.LoginActivity'
[35m[ADB][39m Using apksigner.bat from C:\Users\BaPpY\.katalon\tools\android_sdk\build-tools\29.0.2\apksigner.bat
[35m[UiAutomator2][39m Server packages are not going to be (re)installed
[35m[UiAutomator2][39m Starting UIAutomator2 server 3.4.0
[35m[UiAutomator2][39m Using UIAutomator2 server from 'C:\Users\BaPpY\AppData\Roaming\npm\node_modules\appium\node_modules\appium-uiautomator2-server\apks\appium-uiautomator2-server-v3.4.0.apk' and test from 'C:\Users\BaPpY\AppData\Roaming\npm\node_modules\appium\node_modules\appium-uiautomator2-server\apks\appium-uiautomator2-server-debug-androidTest.apk'
[35m[UiAutomator2][39m Waiting up to 30000ms for UiAutomator2 to be online...
[35m[WD Proxy][39m Got an unexpected response: {"code":"ECONNRESET"}
[35m[WD Proxy][39m Got an unexpected response: {"code":"ECONNRESET"}
[35m[AndroidDriver][39m Screen already unlocked, doing nothing
[35m[UiAutomator2][39m UiAutomator2 did not start the activity we were waiting for, 'com.sourcey.materialloginexample/com.sourcey.materiallogindemo.LoginActivity'. Starting it ourselves
[35m[Appium][39m New AndroidUiautomator2Driver session created successfully, session 7b13ed56-4a46-4a22-8b05-5095e678c31c added to master session list
[35m[HTTP][39m [37m<-- POST /wd/hub/session [39m[32m200[39m [90m12826 ms - 1300[39m
[35m[HTTP][39m [90m[39m
[35m[HTTP][39m [37m-->[39m [37mGET[39m [37m/wd/hub/session/7b13ed56-4a46-4a22-8b05-5095e678c31c[39m
[35m[HTTP][39m [90m{}[39m
[35m[HTTP][39m [37m<-- GET /wd/hub/session/7b13ed56-4a46-4a22-8b05-5095e678c31c [39m[32m200[39m [90m32 ms - 1232[39m
[35m[HTTP][39m [90m[39m
[35m[HTTP][39m [37m-->[39m [37mGET[39m [37m/wd/hub/session/7b13ed56-4a46-4a22-8b05-5095e678c31c[39m
[35m[HTTP][39m [90m{}[39m
[35m[HTTP][39m [37m<-- GET /wd/hub/session/7b13ed56-4a46-4a22-8b05-5095e678c31c [39m[32m200[39m [90m19 ms - 1232[39m
[35m[HTTP][39m [90m[39m
[35m[HTTP][39m [37m-->[39m [37mGET[39m [37m/wd/hub/status[39m
[35m[HTTP][39m [90m{}[39m
[35m[HTTP][39m [37m<-- GET /wd/hub/status [39m[32m200[39m [90m1 ms - 68[39m
[35m[HTTP][39m [90m[39m
[35m[HTTP][39m [37m-->[39m [37mPOST[39m [37m/wd/hub/session/7b13ed56-4a46-4a22-8b05-5095e678c31c/timeouts[39m
[35m[HTTP][39m [90m{"implicit":60000}[39m
[35m[HTTP][39m [37m<-- POST /wd/hub/session/7b13ed56-4a46-4a22-8b05-5095e678c31c/timeouts [39m[32m200[39m [90m7 ms - 14[39m
[35m[HTTP][39m [90m[39m
[35m[HTTP][39m [37m-->[39m [37mGET[39m [37m/wd/hub/session/7b13ed56-4a46-4a22-8b05-5095e678c31c/source[39m
[35m[HTTP][39m [90m{}[39m
[35m[W3C (7b13ed56)][39m Driver proxy active, passing request on via HTTP proxy
[35m[WD Proxy][39m Replacing sessionId a95adfe1-683c-4e75-baa0-020d8be6d776 with 7b13ed56-4a46-4a22-8b05-5095e678c31c
[35m[HTTP][39m [37m<-- GET /wd/hub/session/7b13ed56-4a46-4a22-8b05-5095e678c31c/source [39m[32m200[39m [90m540 ms - 7355[39m
[35m[HTTP][39m [90m[39m
[35m[HTTP][39m [37m-->[39m [37mGET[39m [37m/wd/hub/session/7b13ed56-4a46-4a22-8b05-5095e678c31c/screenshot[39m
[35m[HTTP][39m [90m{}[39m
[35m[HTTP][39m [37m<-- GET /wd/hub/session/7b13ed56-4a46-4a22-8b05-5095e678c31c/screenshot [39m[32m200[39m [90m769 ms - 101808[39m
[35m[HTTP][39m [90m[39m
[35m[HTTP][39m [37m-->[39m [37mGET[39m [37m/wd/hub/session/7b13ed56-4a46-4a22-8b05-5095e678c31c/window/rect[39m
[35m[HTTP][39m [90m{}[39m
[35m[HTTP][39m [37m<-- GET /wd/hub/session/7b13ed56-4a46-4a22-8b05-5095e678c31c/window/rect [39m[32m200[39m [90m39 ms - 50[39m
[35m[HTTP][39m [90m[39m
[35m[HTTP][39m [37m-->[39m [37mPOST[39m [37m/wd/hub/session/7b13ed56-4a46-4a22-8b05-5095e678c31c/elements[39m
[35m[HTTP][39m [90m{"using":"xpath","value":"//hierarchy/android.widget.FrameLayout[1]/android.widget.LinearLayout[1]/android.widget.FrameLayout[1]/android.widget.LinearLayout[1]/android.widget.FrameLayout[1]/android.widget.ScrollView[1]/android.widget.LinearLayout[1]/TextInputLayout[1]/android.widget.FrameLayout[1]/android.widget.EditText[1]"}[39m
[35m[HTTP][39m [37m<-- POST /wd/hub/session/7b13ed56-4a46-4a22-8b05-5095e678c31c/elements [39m[32m200[39m [90m120 ms - 139[39m
[35m[HTTP][39m [90m[39m
[35m[HTTP][39m [37m-->[39m [37mGET[39m [37m/wd/hub/session/7b13ed56-4a46-4a22-8b05-5095e678c31c/element/b160dffb-9f10-44b2-b984-8a45a4e3435e/location[39m
[35m[HTTP][39m [90m{}[39m
[35m[W3C (7b13ed56)][39m Driver proxy active, passing request on via HTTP proxy
[35m[WD Proxy][39m Replacing sessionId a95adfe1-683c-4e75-baa0-020d8be6d776 with 7b13ed56-4a46-4a22-8b05-5095e678c31c
[35m[HTTP][39m [37m<-- GET /wd/hub/session/7b13ed56-4a46-4a22-8b05-5095e678c31c/element/b160dffb-9f10-44b2-b984-8a45a4e3435e/location [39m[32m200[39m [90m20 ms - 88[39m
[35m[HTTP][39m [90m[39m
[35m[HTTP][39m [37m-->[39m [37mPOST[39m [37m/wd/hub/session/7b13ed56-4a46-4a22-8b05-5095e678c31c/element/b160dffb-9f10-44b2-b984-8a45a4e3435e/clear[39m
[35m[HTTP][39m [90m{"id":"b160dffb-9f10-44b2-b984-8a45a4e3435e"}[39m
[35m[HTTP][39m [37m<-- POST /wd/hub/session/7b13ed56-4a46-4a22-8b05-5095e678c31c/element/b160dffb-9f10-44b2-b984-8a45a4e3435e/clear [39m[32m200[39m [90m19 ms - 27[39m
[35m[HTTP][39m [90m[39m
[35m[HTTP][39m [37m-->[39m [37mPOST[39m [37m/wd/hub/session/7b13ed56-4a46-4a22-8b05-5095e678c31c/element/b160dffb-9f10-44b2-b984-8a45a4e3435e/value[39m
[35m[HTTP][39m [90m{"id":"b160dffb-9f10-44b2-b984-8a45a4e3435e","text":"user@email.com","value":["u","s","e","r","@","e","m","a","i","l",".","c","o","m"]}[39m
[35m[HTTP][39m [37m<-- POST /wd/hub/session/7b13ed56-4a46-4a22-8b05-5095e678c31c/element/b160dffb-9f10-44b2-b984-8a45a4e3435e/value [39m[32m200[39m [90m532 ms - 12[39m
[35m[HTTP][39m [90m[39m
[35m[HTTP][39m [37m-->[39m [37mGET[39m [37m/wd/hub/session/7b13ed56-4a46-4a22-8b05-5095e678c31c/source[39m
[35m[HTTP][39m [90m{}[39m
[35m[W3C (7b13ed56)][39m Driver proxy active, passing request on via HTTP proxy
[35m[WD Proxy][39m Replacing sessionId a95adfe1-683c-4e75-baa0-020d8be6d776 with 7b13ed56-4a46-4a22-8b05-5095e678c31c
[35m[HTTP][39m [37m<-- GET /wd/hub/session/7b13ed56-4a46-4a22-8b05-5095e678c31c/source [39m[32m200[39m [90m50 ms - 7369[39m
[35m[HTTP][39m [90m[39m
[35m[HTTP][39m [37m-->[39m [37mGET[39m [37m/wd/hub/session/7b13ed56-4a46-4a22-8b05-5095e678c31c/screenshot[39m
[35m[HTTP][39m [90m{}[39m
[35m[HTTP][39m [37m<-- GET /wd/hub/session/7b13ed56-4a46-4a22-8b05-5095e678c31c/screenshot [39m[32m200[39m [90m570 ms - 111426[39m
[35m[HTTP][39m [90m[39m
[35m[HTTP][39m [37m-->[39m [37mGET[39m [37m/wd/hub/session/7b13ed56-4a46-4a22-8b05-5095e678c31c/window/rect[39m
[35m[HTTP][39m [90m{}[39m
[35m[HTTP][39m [37m<-- GET /wd/hub/session/7b13ed56-4a46-4a22-8b05-5095e678c31c/window/rect [39m[32m200[39m [90m16 ms - 50[39m
[35m[HTTP][39m [90m[39m
[35m[HTTP][39m [37m-->[39m [37mPOST[39m [37m/wd/hub/session/7b13ed56-4a46-4a22-8b05-5095e678c31c/elements[39m
[35m[HTTP][39m [90m{"using":"xpath","value":"//hierarchy/android.widget.FrameLayout[1]/android.widget.LinearLayout[1]/android.widget.FrameLayout[1]/android.widget.LinearLayout[1]/android.widget.FrameLayout[1]/android.widget.ScrollView[1]/android.widget.LinearLayout[1]/TextInputLayout[2]/android.widget.FrameLayout[1]/android.widget.EditText[1]"}[39m
[35m[HTTP][39m [37m<-- POST /wd/hub/session/7b13ed56-4a46-4a22-8b05-5095e678c31c/elements [39m[32m200[39m [90m70 ms - 139[39m
[35m[HTTP][39m [90m[39m
[35m[HTTP][39m [37m-->[39m [37mGET[39m [37m/wd/hub/session/7b13ed56-4a46-4a22-8b05-5095e678c31c/element/d254d6bd-ad71-4417-bb7f-f02ba7706732/location[39m
[35m[HTTP][39m [90m{}[39m
[35m[W3C (7b13ed56)][39m Driver proxy active, passing request on via HTTP proxy
[35m[WD Proxy][39m Replacing sessionId a95adfe1-683c-4e75-baa0-020d8be6d776 with 7b13ed56-4a46-4a22-8b05-5095e678c31c
[35m[HTTP][39m [37m<-- GET /wd/hub/session/7b13ed56-4a46-4a22-8b05-5095e678c31c/element/d254d6bd-ad71-4417-bb7f-f02ba7706732/location [39m[32m200[39m [90m13 ms - 88[39m
[35m[HTTP][39m [90m[39m
[35m[HTTP][39m [37m-->[39m [37mPOST[39m [37m/wd/hub/session/7b13ed56-4a46-4a22-8b05-5095e678c31c/element/d254d6bd-ad71-4417-bb7f-f02ba7706732/clear[39m
[35m[HTTP][39m [90m{"id":"d254d6bd-ad71-4417-bb7f-f02ba7706732"}[39m
[35m[HTTP][39m [37m<-- POST /wd/hub/session/7b13ed56-4a46-4a22-8b05-5095e678c31c/element/d254d6bd-ad71-4417-bb7f-f02ba7706732/clear [39m[32m200[39m [90m17 ms - 27[39m
[35m[HTTP][39m [90m[39m
[35m[HTTP][39m [37m-->[39m [37mPOST[39m [37m/wd/hub/session/7b13ed56-4a46-4a22-8b05-5095e678c31c/element/d254d6bd-ad71-4417-bb7f-f02ba7706732/value[39m
[35m[HTTP][39m [90m{"id":"d254d6bd-ad71-4417-bb7f-f02ba7706732","text":"user123","value":["u","s","e","r","1","2","3"]}[39m
[35m[HTTP][39m [37m<-- POST /wd/hub/session/7b13ed56-4a46-4a22-8b05-5095e678c31c/element/d254d6bd-ad71-4417-bb7f-f02ba7706732/value [39m[32m200[39m [90m550 ms - 12[39m
[35m[HTTP][39m [90m[39m
[35m[HTTP][39m [37m-->[39m [37mGET[39m [37m/wd/hub/session/7b13ed56-4a46-4a22-8b05-5095e678c31c/source[39m
[35m[HTTP][39m [90m{}[39m
[35m[W3C (7b13ed56)][39m Driver proxy active, passing request on via HTTP proxy
[35m[WD Proxy][39m Replacing sessionId a95adfe1-683c-4e75-baa0-020d8be6d776 with 7b13ed56-4a46-4a22-8b05-5095e678c31c
[35m[HTTP][39m [37m<-- GET /wd/hub/session/7b13ed56-4a46-4a22-8b05-5095e678c31c/source [39m[32m200[39m [90m40 ms - 7390[39m
[35m[HTTP][39m [90m[39m
[35m[HTTP][39m [37m-->[39m [37mGET[39m [37m/wd/hub/session/7b13ed56-4a46-4a22-8b05-5095e678c31c/screenshot[39m
[35m[HTTP][39m [90m{}[39m
[35m[HTTP][39m [37m<-- GET /wd/hub/session/7b13ed56-4a46-4a22-8b05-5095e678c31c/screenshot [39m[32m200[39m [90m558 ms - 109464[39m
[35m[HTTP][39m [90m[39m
[35m[HTTP][39m [37m-->[39m [37mGET[39m [37m/wd/hub/session/7b13ed56-4a46-4a22-8b05-5095e678c31c/window/rect[39m
[35m[HTTP][39m [90m{}[39m
[35m[HTTP][39m [37m<-- GET /wd/hub/session/7b13ed56-4a46-4a22-8b05-5095e678c31c/window/rect [39m[32m200[39m [90m14 ms - 50[39m
[35m[HTTP][39m [90m[39m
[35m[HTTP][39m [37m-->[39m [37mPOST[39m [37m/wd/hub/session/7b13ed56-4a46-4a22-8b05-5095e678c31c/elements[39m
[35m[HTTP][39m [90m{"using":"xpath","value":"//hierarchy/android.widget.FrameLayout[1]/android.widget.LinearLayout[1]/android.widget.FrameLayout[1]/android.widget.LinearLayout[1]/android.widget.FrameLayout[1]/android.widget.ScrollView[1]/android.widget.LinearLayout[1]/android.widget.Button[1]"}[39m
[35m[HTTP][39m [37m<-- POST /wd/hub/session/7b13ed56-4a46-4a22-8b05-5095e678c31c/elements [39m[32m200[39m [90m61 ms - 139[39m
[35m[HTTP][39m [90m[39m
[35m[HTTP][39m [37m-->[39m [37mGET[39m [37m/wd/hub/session/7b13ed56-4a46-4a22-8b05-5095e678c31c/element/02517775-ab32-4ff3-b1e9-e6d44a5eaf54/location[39m
[35m[HTTP][39m [90m{}[39m
[35m[W3C (7b13ed56)][39m Driver proxy active, passing request on via HTTP proxy
[35m[WD Proxy][39m Replacing sessionId a95adfe1-683c-4e75-baa0-020d8be6d776 with 7b13ed56-4a46-4a22-8b05-5095e678c31c
[35m[HTTP][39m [37m<-- GET /wd/hub/session/7b13ed56-4a46-4a22-8b05-5095e678c31c/element/02517775-ab32-4ff3-b1e9-e6d44a5eaf54/location [39m[32m200[39m [90m13 ms - 88[39m
[35m[HTTP][39m [90m[39m
[35m[HTTP][39m [37m-->[39m [37mPOST[39m [37m/wd/hub/session/7b13ed56-4a46-4a22-8b05-5095e678c31c/touch/perform[39m
[35m[HTTP][39m [90m{"actions":[{"action":"tap","options":{"x":1,"y":1,"element":"02517775-ab32-4ff3-b1e9-e6d44a5eaf54"}}]}[39m
[35m[UiAutomator2][39m calling get location: 02517775-ab32-4ff3-b1e9-e6d44a5eaf54
[35m[HTTP][39m [37m<-- POST /wd/hub/session/7b13ed56-4a46-4a22-8b05-5095e678c31c/touch/perform [39m[32m200[39m [90m39 ms - 14[39m
[35m[HTTP][39m [90m[39m
[35m[HTTP][39m [37m-->[39m [37mGET[39m [37m/wd/hub/session/7b13ed56-4a46-4a22-8b05-5095e678c31c/source[39m
[35m[HTTP][39m [90m{}[39m
[35m[W3C (7b13ed56)][39m Driver proxy active, passing request on via HTTP proxy
[35m[WD Proxy][39m Replacing sessionId a95adfe1-683c-4e75-baa0-020d8be6d776 with 7b13ed56-4a46-4a22-8b05-5095e678c31c
[35m[HTTP][39m [37m<-- GET /wd/hub/session/7b13ed56-4a46-4a22-8b05-5095e678c31c/source [39m[32m200[39m [90m1351 ms - 5645[39m
[35m[HTTP][39m [90m[39m
[35m[HTTP][39m [37m-->[39m [37mGET[39m [37m/wd/hub/session/7b13ed56-4a46-4a22-8b05-5095e678c31c/screenshot[39m
[35m[HTTP][39m [90m{}[39m
[35m[HTTP][39m [37m<-- GET /wd/hub/session/7b13ed56-4a46-4a22-8b05-5095e678c31c/screenshot [39m[32m200[39m [90m574 ms - 55754[39m
[35m[HTTP][39m [90m[39m
[35m[HTTP][39m [37m-->[39m [37mGET[39m [37m/wd/hub/session/7b13ed56-4a46-4a22-8b05-5095e678c31c/window/rect[39m
[35m[HTTP][39m [90m{}[39m
[35m[HTTP][39m [37m<-- GET /wd/hub/session/7b13ed56-4a46-4a22-8b05-5095e678c31c/window/rect [39m[32m200[39m [90m12 ms - 50[39m
[35m[HTTP][39m [90m[39m
[35m[HTTP][39m [37m-->[39m [37mPOST[39m [37m/wd/hub/session/7b13ed56-4a46-4a22-8b05-5095e678c31c/elements[39m
[35m[HTTP][39m [90m{"using":"xpath","value":"//hierarchy/android.widget.FrameLayout[1]/android.widget.LinearLayout[1]/android.widget.FrameLayout[1]/android.view.ViewGroup[1]/android.widget.FrameLayout[1]/android.view.ViewGroup[1]/android.support.v7.widget.LinearLayoutCompat[1]/android.widget.ImageView[1]"}[39m
[35m[HTTP][39m [37m<-- POST /wd/hub/session/7b13ed56-4a46-4a22-8b05-5095e678c31c/elements [39m[32m200[39m [90m55 ms - 139[39m
[35m[HTTP][39m [90m[39m
[35m[HTTP][39m [37m-->[39m [37mGET[39m [37m/wd/hub/session/7b13ed56-4a46-4a22-8b05-5095e678c31c/element/c34a3edc-db0e-403e-8608-64c8b2c6ea44/location[39m
[35m[HTTP][39m [90m{}[39m
[35m[W3C (7b13ed56)][39m Driver proxy active, passing request on via HTTP proxy
[35m[WD Proxy][39m Replacing sessionId a95adfe1-683c-4e75-baa0-020d8be6d776 with 7b13ed56-4a46-4a22-8b05-5095e678c31c
[35m[HTTP][39m [37m<-- GET /wd/hub/session/7b13ed56-4a46-4a22-8b05-5095e678c31c/element/c34a3edc-db0e-403e-8608-64c8b2c6ea44/location [39m[32m200[39m [90m17 ms - 88[39m
[35m[HTTP][39m [90m[39m
[35m[HTTP][39m [37m-->[39m [37mPOST[39m [37m/wd/hub/session/7b13ed56-4a46-4a22-8b05-5095e678c31c/touch/perform[39m
[35m[HTTP][39m [90m{"actions":[{"action":"tap","options":{"x":1,"y":1,"element":"c34a3edc-db0e-403e-8608-64c8b2c6ea44"}}]}[39m
[35m[UiAutomator2][39m calling get location: c34a3edc-db0e-403e-8608-64c8b2c6ea44
[35m[HTTP][39m [37m<-- POST /wd/hub/session/7b13ed56-4a46-4a22-8b05-5095e678c31c/touch/perform [39m[32m200[39m [90m33 ms - 14[39m
[35m[HTTP][39m [90m[39m
[35m[HTTP][39m [37m-->[39m [37mGET[39m [37m/wd/hub/session/7b13ed56-4a46-4a22-8b05-5095e678c31c/source[39m
[35m[HTTP][39m [90m{}[39m
[35m[W3C (7b13ed56)][39m Driver proxy active, passing request on via HTTP proxy
[35m[WD Proxy][39m Replacing sessionId a95adfe1-683c-4e75-baa0-020d8be6d776 with 7b13ed56-4a46-4a22-8b05-5095e678c31c
[35m[HTTP][39m [37m<-- GET /wd/hub/session/7b13ed56-4a46-4a22-8b05-5095e678c31c/source [39m[32m200[39m [90m440 ms - 2832[39m
[35m[HTTP][39m [90m[39m
[35m[HTTP][39m [37m-->[39m [37mGET[39m [37m/wd/hub/session/7b13ed56-4a46-4a22-8b05-5095e678c31c/screenshot[39m
[35m[HTTP][39m [90m{}[39m
[35m[HTTP][39m [37m<-- GET /wd/hub/session/7b13ed56-4a46-4a22-8b05-5095e678c31c/screenshot [39m[32m200[39m [90m582 ms - 63374[39m
[35m[HTTP][39m [90m[39m
[35m[HTTP][39m [37m-->[39m [37mDELETE[39m [37m/wd/hub/session/7b13ed56-4a46-4a22-8b05-5095e678c31c[39m
[35m[HTTP][39m [90m{}[39m
[35m[Appium][39m Removing session 7b13ed56-4a46-4a22-8b05-5095e678c31c from our master session list
[35m[HTTP][39m [37m<-- DELETE /wd/hub/session/7b13ed56-4a46-4a22-8b05-5095e678c31c [39m[32m200[39m [90m1261 ms - 14[39m
[35m[HTTP][39m [90m[39m
